<?xml version="1.0" encoding="UTF-8"?>
<!-- Generated by org.testng.reporters.JUnitReportReporter -->
<testsuite hostname="LAPTOP-HVBMLAB1" name="com.crm.tests.Home" tests="1" failures="0" timestamp="21 Apr 2018 03:41:44 GMT" time="28.147" errors="0">
  <testcase name="BasePageNavigation" time="28.147" classname="com.crm.tests.Home"/>
</testsuite> <!-- com.crm.tests.Home -->
